[2023-02-04T14:30:26.664+0000] {taskinstance.py:1083} INFO - Dependencies all met for <TaskInstance: dag_lab5_dsa.tarefa_cria_tabela manual__2023-02-04T14:30:23.794880+00:00 [queued]>
[2023-02-04T14:30:26.717+0000] {taskinstance.py:1083} INFO - Dependencies all met for <TaskInstance: dag_lab5_dsa.tarefa_cria_tabela manual__2023-02-04T14:30:23.794880+00:00 [queued]>
[2023-02-04T14:30:26.718+0000] {taskinstance.py:1279} INFO - 
--------------------------------------------------------------------------------
[2023-02-04T14:30:26.727+0000] {taskinstance.py:1280} INFO - Starting attempt 1 of 1
[2023-02-04T14:30:26.728+0000] {taskinstance.py:1281} INFO - 
--------------------------------------------------------------------------------
[2023-02-04T14:30:26.862+0000] {taskinstance.py:1300} INFO - Executing <Task(PostgresOperator): tarefa_cria_tabela> on 2023-02-04 14:30:23.794880+00:00
[2023-02-04T14:30:26.875+0000] {standard_task_runner.py:55} INFO - Started process 4561 to run task
[2023-02-04T14:30:26.880+0000] {standard_task_runner.py:82} INFO - Running: ['***', 'tasks', 'run', 'dag_lab5_dsa', 'tarefa_cria_tabela', 'manual__2023-02-04T14:30:23.794880+00:00', '--job-id', '11', '--raw', '--subdir', 'DAGS_FOLDER/dag.py', '--cfg-path', '/tmp/tmpt53nplxb']
[2023-02-04T14:30:26.887+0000] {standard_task_runner.py:83} INFO - Job 11: Subtask tarefa_cria_tabela
[2023-02-04T14:30:27.255+0000] {task_command.py:388} INFO - Running <TaskInstance: dag_lab5_dsa.tarefa_cria_tabela manual__2023-02-04T14:30:23.794880+00:00 [running]> on host 8c271b0bb0d0
[2023-02-04T14:30:27.557+0000] {taskinstance.py:1509} INFO - Exporting the following env vars:
AIRFLOW_CTX_DAG_OWNER=***
AIRFLOW_CTX_DAG_ID=dag_lab5_dsa
AIRFLOW_CTX_TASK_ID=tarefa_cria_tabela
AIRFLOW_CTX_EXECUTION_DATE=2023-02-04T14:30:23.794880+00:00
AIRFLOW_CTX_TRY_NUMBER=1
AIRFLOW_CTX_DAG_RUN_ID=manual__2023-02-04T14:30:23.794880+00:00
[2023-02-04T14:30:27.558+0000] {sql.py:254} INFO - Executing: CREATE TABLE IF NOT EXISTS dwdb.tb_funcionarios (id INT NOT NULL, nome VARCHAR(250) NOT NULL, departamento VARCHAR(250) NOT NULL);
[2023-02-04T14:30:27.601+0000] {base.py:73} INFO - Using connection ID 'Postgres' for task execution.
[2023-02-04T14:30:28.811+0000] {base.py:73} INFO - Using connection ID 'Postgres' for task execution.
[2023-02-04T14:30:28.851+0000] {sql.py:375} INFO - Running statement: CREATE TABLE IF NOT EXISTS dwdb.tb_funcionarios (id INT NOT NULL, nome VARCHAR(250) NOT NULL, departamento VARCHAR(250) NOT NULL);, parameters: None
[2023-02-04T14:30:28.958+0000] {taskinstance.py:1323} INFO - Marking task as SUCCESS. dag_id=dag_lab5_dsa, task_id=tarefa_cria_tabela, execution_date=20230204T143023, start_date=20230204T143026, end_date=20230204T143028
[2023-02-04T14:30:29.024+0000] {local_task_job.py:208} INFO - Task exited with return code 0
[2023-02-04T14:30:29.133+0000] {taskinstance.py:2578} INFO - 1 downstream tasks scheduled from follow-on schedule check
