[2023-02-04T14:13:26.088+0000] {processor.py:153} INFO - Started process (PID=7306) to work on /opt/airflow/dags/dag.py
[2023-02-04T14:13:26.090+0000] {processor.py:743} INFO - Processing file /opt/airflow/dags/dag.py for tasks to queue
[2023-02-04T14:13:26.093+0000] {logging_mixin.py:137} INFO - [2023-02-04T14:13:26.091+0000] {dagbag.py:538} INFO - Filling up the DagBag from /opt/airflow/dags/dag.py
[2023-02-04T14:13:26.331+0000] {processor.py:753} INFO - DAG(s) dict_keys(['lab5']) retrieved from /opt/airflow/dags/dag.py
[2023-02-04T14:13:27.037+0000] {logging_mixin.py:137} INFO - [2023-02-04T14:13:27.036+0000] {manager.py:504} INFO - Created Permission View: can edit on DAG:lab5
[2023-02-04T14:13:27.067+0000] {logging_mixin.py:137} INFO - [2023-02-04T14:13:27.067+0000] {manager.py:504} INFO - Created Permission View: can read on DAG:lab5
[2023-02-04T14:13:27.102+0000] {logging_mixin.py:137} INFO - [2023-02-04T14:13:27.102+0000] {manager.py:504} INFO - Created Permission View: can delete on DAG:lab5
[2023-02-04T14:13:27.103+0000] {logging_mixin.py:137} INFO - [2023-02-04T14:13:27.103+0000] {dag.py:2690} INFO - Sync 1 DAGs
[2023-02-04T14:13:27.164+0000] {logging_mixin.py:137} INFO - [2023-02-04T14:13:27.163+0000] {dag.py:2711} INFO - Creating ORM DAG for lab5
[2023-02-04T14:13:27.200+0000] {logging_mixin.py:137} INFO - [2023-02-04T14:13:27.199+0000] {dag.py:3441} INFO - Setting next_dagrun for lab5 to 2023-02-03T00:00:00+00:00, run_after=2023-02-03T00:00:00+00:00
[2023-02-04T14:13:27.251+0000] {processor.py:175} INFO - Processing /opt/airflow/dags/dag.py took 1.171 seconds
[2023-02-04T14:13:37.661+0000] {processor.py:153} INFO - Started process (PID=7324) to work on /opt/airflow/dags/dag.py
[2023-02-04T14:13:37.663+0000] {processor.py:743} INFO - Processing file /opt/airflow/dags/dag.py for tasks to queue
[2023-02-04T14:13:37.665+0000] {logging_mixin.py:137} INFO - [2023-02-04T14:13:37.664+0000] {dagbag.py:538} INFO - Filling up the DagBag from /opt/airflow/dags/dag.py
[2023-02-04T14:13:37.757+0000] {processor.py:753} INFO - DAG(s) dict_keys(['lab5']) retrieved from /opt/airflow/dags/dag.py
[2023-02-04T14:13:37.793+0000] {logging_mixin.py:137} INFO - [2023-02-04T14:13:37.793+0000] {dag.py:2690} INFO - Sync 1 DAGs
[2023-02-04T14:13:37.906+0000] {logging_mixin.py:137} INFO - [2023-02-04T14:13:37.905+0000] {dag.py:3441} INFO - Setting next_dagrun for lab5 to 2023-02-03T00:00:00+00:00, run_after=2023-02-03T00:00:00+00:00
[2023-02-04T14:13:37.997+0000] {processor.py:175} INFO - Processing /opt/airflow/dags/dag.py took 0.347 seconds
[2023-02-04T14:14:08.043+0000] {processor.py:153} INFO - Started process (PID=7394) to work on /opt/airflow/dags/dag.py
[2023-02-04T14:14:08.058+0000] {processor.py:743} INFO - Processing file /opt/airflow/dags/dag.py for tasks to queue
[2023-02-04T14:14:08.060+0000] {logging_mixin.py:137} INFO - [2023-02-04T14:14:08.059+0000] {dagbag.py:538} INFO - Filling up the DagBag from /opt/airflow/dags/dag.py
[2023-02-04T14:14:08.137+0000] {processor.py:753} INFO - DAG(s) dict_keys(['lab5']) retrieved from /opt/airflow/dags/dag.py
[2023-02-04T14:14:08.196+0000] {logging_mixin.py:137} INFO - [2023-02-04T14:14:08.196+0000] {dag.py:2690} INFO - Sync 1 DAGs
[2023-02-04T14:14:08.273+0000] {logging_mixin.py:137} INFO - [2023-02-04T14:14:08.272+0000] {dag.py:3441} INFO - Setting next_dagrun for lab5 to 2023-02-03T00:00:00+00:00, run_after=2023-02-03T00:00:00+00:00
[2023-02-04T14:14:08.326+0000] {processor.py:175} INFO - Processing /opt/airflow/dags/dag.py took 0.294 seconds
[2023-02-04T14:14:12.382+0000] {processor.py:153} INFO - Started process (PID=7404) to work on /opt/airflow/dags/dag.py
[2023-02-04T14:14:12.396+0000] {processor.py:743} INFO - Processing file /opt/airflow/dags/dag.py for tasks to queue
[2023-02-04T14:14:12.397+0000] {logging_mixin.py:137} INFO - [2023-02-04T14:14:12.397+0000] {dagbag.py:538} INFO - Filling up the DagBag from /opt/airflow/dags/dag.py
[2023-02-04T14:14:12.449+0000] {processor.py:753} INFO - DAG(s) dict_keys(['dag_lab-5']) retrieved from /opt/airflow/dags/dag.py
[2023-02-04T14:14:12.681+0000] {logging_mixin.py:137} INFO - [2023-02-04T14:14:12.681+0000] {manager.py:504} INFO - Created Permission View: can edit on DAG:dag_lab-5
[2023-02-04T14:14:12.696+0000] {logging_mixin.py:137} INFO - [2023-02-04T14:14:12.695+0000] {manager.py:504} INFO - Created Permission View: can read on DAG:dag_lab-5
[2023-02-04T14:14:12.708+0000] {logging_mixin.py:137} INFO - [2023-02-04T14:14:12.708+0000] {manager.py:504} INFO - Created Permission View: can delete on DAG:dag_lab-5
[2023-02-04T14:14:12.709+0000] {logging_mixin.py:137} INFO - [2023-02-04T14:14:12.709+0000] {dag.py:2690} INFO - Sync 1 DAGs
[2023-02-04T14:14:12.731+0000] {logging_mixin.py:137} INFO - [2023-02-04T14:14:12.731+0000] {dag.py:2711} INFO - Creating ORM DAG for dag_lab-5
[2023-02-04T14:14:12.754+0000] {logging_mixin.py:137} INFO - [2023-02-04T14:14:12.754+0000] {dag.py:3441} INFO - Setting next_dagrun for dag_lab-5 to 2023-02-03T00:00:00+00:00, run_after=2023-02-03T00:00:00+00:00
[2023-02-04T14:14:12.803+0000] {processor.py:175} INFO - Processing /opt/airflow/dags/dag.py took 0.426 seconds
[2023-02-04T14:14:18.591+0000] {processor.py:153} INFO - Started process (PID=7423) to work on /opt/airflow/dags/dag.py
[2023-02-04T14:14:18.597+0000] {processor.py:743} INFO - Processing file /opt/airflow/dags/dag.py for tasks to queue
[2023-02-04T14:14:18.598+0000] {logging_mixin.py:137} INFO - [2023-02-04T14:14:18.598+0000] {dagbag.py:538} INFO - Filling up the DagBag from /opt/airflow/dags/dag.py
[2023-02-04T14:14:18.663+0000] {processor.py:753} INFO - DAG(s) dict_keys(['dag_lab5_dsa']) retrieved from /opt/airflow/dags/dag.py
[2023-02-04T14:14:18.891+0000] {logging_mixin.py:137} INFO - [2023-02-04T14:14:18.891+0000] {manager.py:504} INFO - Created Permission View: can edit on DAG:dag_lab5_dsa
[2023-02-04T14:14:18.913+0000] {logging_mixin.py:137} INFO - [2023-02-04T14:14:18.913+0000] {manager.py:504} INFO - Created Permission View: can read on DAG:dag_lab5_dsa
[2023-02-04T14:14:18.927+0000] {logging_mixin.py:137} INFO - [2023-02-04T14:14:18.927+0000] {manager.py:504} INFO - Created Permission View: can delete on DAG:dag_lab5_dsa
[2023-02-04T14:14:18.928+0000] {logging_mixin.py:137} INFO - [2023-02-04T14:14:18.928+0000] {dag.py:2690} INFO - Sync 1 DAGs
[2023-02-04T14:14:18.963+0000] {logging_mixin.py:137} INFO - [2023-02-04T14:14:18.963+0000] {dag.py:2711} INFO - Creating ORM DAG for dag_lab5_dsa
[2023-02-04T14:14:18.991+0000] {logging_mixin.py:137} INFO - [2023-02-04T14:14:18.990+0000] {dag.py:3441} INFO - Setting next_dagrun for dag_lab5_dsa to 2023-02-03T00:00:00+00:00, run_after=2023-02-03T00:00:00+00:00
[2023-02-04T14:14:19.063+0000] {processor.py:175} INFO - Processing /opt/airflow/dags/dag.py took 0.478 seconds
[2023-02-04T14:14:49.317+0000] {processor.py:153} INFO - Started process (PID=7495) to work on /opt/airflow/dags/dag.py
[2023-02-04T14:14:49.336+0000] {processor.py:743} INFO - Processing file /opt/airflow/dags/dag.py for tasks to queue
[2023-02-04T14:14:49.338+0000] {logging_mixin.py:137} INFO - [2023-02-04T14:14:49.338+0000] {dagbag.py:538} INFO - Filling up the DagBag from /opt/airflow/dags/dag.py
[2023-02-04T14:14:49.429+0000] {processor.py:753} INFO - DAG(s) dict_keys(['dag_lab5_dsa']) retrieved from /opt/airflow/dags/dag.py
[2023-02-04T14:14:49.515+0000] {logging_mixin.py:137} INFO - [2023-02-04T14:14:49.514+0000] {dag.py:2690} INFO - Sync 1 DAGs
[2023-02-04T14:14:49.602+0000] {logging_mixin.py:137} INFO - [2023-02-04T14:14:49.600+0000] {dag.py:3441} INFO - Setting next_dagrun for dag_lab5_dsa to 2023-02-03T00:00:00+00:00, run_after=2023-02-03T00:00:00+00:00
[2023-02-04T14:14:50.279+0000] {processor.py:175} INFO - Processing /opt/airflow/dags/dag.py took 0.975 seconds
[2023-02-04T14:15:02.724+0000] {processor.py:153} INFO - Started process (PID=7525) to work on /opt/airflow/dags/dag.py
[2023-02-04T14:15:02.726+0000] {processor.py:743} INFO - Processing file /opt/airflow/dags/dag.py for tasks to queue
[2023-02-04T14:15:02.727+0000] {logging_mixin.py:137} INFO - [2023-02-04T14:15:02.727+0000] {dagbag.py:538} INFO - Filling up the DagBag from /opt/airflow/dags/dag.py
[2023-02-04T14:15:02.815+0000] {processor.py:753} INFO - DAG(s) dict_keys(['dag_lab5_dsa']) retrieved from /opt/airflow/dags/dag.py
[2023-02-04T14:15:02.890+0000] {logging_mixin.py:137} INFO - [2023-02-04T14:15:02.887+0000] {dag.py:2690} INFO - Sync 1 DAGs
[2023-02-04T14:15:02.993+0000] {logging_mixin.py:137} INFO - [2023-02-04T14:15:02.992+0000] {dag.py:3441} INFO - Setting next_dagrun for dag_lab5_dsa to 2023-02-03T00:00:00+00:00, run_after=2023-02-03T00:00:00+00:00
[2023-02-04T14:15:03.065+0000] {processor.py:175} INFO - Processing /opt/airflow/dags/dag.py took 0.348 seconds
[2023-02-04T14:15:33.710+0000] {processor.py:153} INFO - Started process (PID=7597) to work on /opt/airflow/dags/dag.py
[2023-02-04T14:15:33.716+0000] {processor.py:743} INFO - Processing file /opt/airflow/dags/dag.py for tasks to queue
[2023-02-04T14:15:33.718+0000] {logging_mixin.py:137} INFO - [2023-02-04T14:15:33.718+0000] {dagbag.py:538} INFO - Filling up the DagBag from /opt/airflow/dags/dag.py
[2023-02-04T14:15:33.800+0000] {processor.py:753} INFO - DAG(s) dict_keys(['dag_lab5_dsa']) retrieved from /opt/airflow/dags/dag.py
[2023-02-04T14:15:33.852+0000] {logging_mixin.py:137} INFO - [2023-02-04T14:15:33.851+0000] {dag.py:2690} INFO - Sync 1 DAGs
[2023-02-04T14:15:33.910+0000] {logging_mixin.py:137} INFO - [2023-02-04T14:15:33.910+0000] {dag.py:3441} INFO - Setting next_dagrun for dag_lab5_dsa to 2023-02-03T00:00:00+00:00, run_after=2023-02-03T00:00:00+00:00
[2023-02-04T14:15:33.973+0000] {processor.py:175} INFO - Processing /opt/airflow/dags/dag.py took 0.275 seconds
[2023-02-04T14:16:04.380+0000] {processor.py:153} INFO - Started process (PID=7669) to work on /opt/airflow/dags/dag.py
[2023-02-04T14:16:04.381+0000] {processor.py:743} INFO - Processing file /opt/airflow/dags/dag.py for tasks to queue
[2023-02-04T14:16:04.382+0000] {logging_mixin.py:137} INFO - [2023-02-04T14:16:04.381+0000] {dagbag.py:538} INFO - Filling up the DagBag from /opt/airflow/dags/dag.py
[2023-02-04T14:16:04.438+0000] {processor.py:753} INFO - DAG(s) dict_keys(['dag_lab5_dsa']) retrieved from /opt/airflow/dags/dag.py
[2023-02-04T14:16:04.477+0000] {logging_mixin.py:137} INFO - [2023-02-04T14:16:04.477+0000] {dag.py:2690} INFO - Sync 1 DAGs
[2023-02-04T14:16:04.517+0000] {logging_mixin.py:137} INFO - [2023-02-04T14:16:04.517+0000] {dag.py:3441} INFO - Setting next_dagrun for dag_lab5_dsa to 2023-02-03T00:00:00+00:00, run_after=2023-02-03T00:00:00+00:00
[2023-02-04T14:16:04.572+0000] {processor.py:175} INFO - Processing /opt/airflow/dags/dag.py took 0.197 seconds
[2023-02-04T14:16:34.877+0000] {processor.py:153} INFO - Started process (PID=7741) to work on /opt/airflow/dags/dag.py
[2023-02-04T14:16:34.897+0000] {processor.py:743} INFO - Processing file /opt/airflow/dags/dag.py for tasks to queue
[2023-02-04T14:16:34.898+0000] {logging_mixin.py:137} INFO - [2023-02-04T14:16:34.898+0000] {dagbag.py:538} INFO - Filling up the DagBag from /opt/airflow/dags/dag.py
[2023-02-04T14:16:34.949+0000] {processor.py:753} INFO - DAG(s) dict_keys(['dag_lab5_dsa']) retrieved from /opt/airflow/dags/dag.py
[2023-02-04T14:16:34.989+0000] {logging_mixin.py:137} INFO - [2023-02-04T14:16:34.989+0000] {dag.py:2690} INFO - Sync 1 DAGs
[2023-02-04T14:16:35.038+0000] {logging_mixin.py:137} INFO - [2023-02-04T14:16:35.038+0000] {dag.py:3441} INFO - Setting next_dagrun for dag_lab5_dsa to 2023-02-03T00:00:00+00:00, run_after=2023-02-03T00:00:00+00:00
[2023-02-04T14:16:35.077+0000] {processor.py:175} INFO - Processing /opt/airflow/dags/dag.py took 0.204 seconds
[2023-02-04T14:17:05.347+0000] {processor.py:153} INFO - Started process (PID=7813) to work on /opt/airflow/dags/dag.py
[2023-02-04T14:17:05.348+0000] {processor.py:743} INFO - Processing file /opt/airflow/dags/dag.py for tasks to queue
[2023-02-04T14:17:05.351+0000] {logging_mixin.py:137} INFO - [2023-02-04T14:17:05.351+0000] {dagbag.py:538} INFO - Filling up the DagBag from /opt/airflow/dags/dag.py
[2023-02-04T14:17:05.428+0000] {processor.py:753} INFO - DAG(s) dict_keys(['dag_lab5_dsa']) retrieved from /opt/airflow/dags/dag.py
[2023-02-04T14:17:05.474+0000] {logging_mixin.py:137} INFO - [2023-02-04T14:17:05.474+0000] {dag.py:2690} INFO - Sync 1 DAGs
[2023-02-04T14:17:05.525+0000] {logging_mixin.py:137} INFO - [2023-02-04T14:17:05.525+0000] {dag.py:3441} INFO - Setting next_dagrun for dag_lab5_dsa to 2023-02-03T00:00:00+00:00, run_after=2023-02-03T00:00:00+00:00
[2023-02-04T14:17:05.569+0000] {processor.py:175} INFO - Processing /opt/airflow/dags/dag.py took 0.228 seconds
[2023-02-04T14:17:35.646+0000] {processor.py:153} INFO - Started process (PID=7885) to work on /opt/airflow/dags/dag.py
[2023-02-04T14:17:35.659+0000] {processor.py:743} INFO - Processing file /opt/airflow/dags/dag.py for tasks to queue
[2023-02-04T14:17:35.661+0000] {logging_mixin.py:137} INFO - [2023-02-04T14:17:35.661+0000] {dagbag.py:538} INFO - Filling up the DagBag from /opt/airflow/dags/dag.py
[2023-02-04T14:17:35.757+0000] {processor.py:753} INFO - DAG(s) dict_keys(['dag_lab5_dsa']) retrieved from /opt/airflow/dags/dag.py
[2023-02-04T14:17:35.816+0000] {logging_mixin.py:137} INFO - [2023-02-04T14:17:35.815+0000] {dag.py:2690} INFO - Sync 1 DAGs
[2023-02-04T14:17:35.888+0000] {logging_mixin.py:137} INFO - [2023-02-04T14:17:35.887+0000] {dag.py:3441} INFO - Setting next_dagrun for dag_lab5_dsa to 2023-02-03T00:00:00+00:00, run_after=2023-02-03T00:00:00+00:00
[2023-02-04T14:17:35.950+0000] {processor.py:175} INFO - Processing /opt/airflow/dags/dag.py took 0.337 seconds
[2023-02-04T14:18:06.962+0000] {processor.py:153} INFO - Started process (PID=7948) to work on /opt/airflow/dags/dag.py
[2023-02-04T14:18:06.964+0000] {processor.py:743} INFO - Processing file /opt/airflow/dags/dag.py for tasks to queue
[2023-02-04T14:18:06.965+0000] {logging_mixin.py:137} INFO - [2023-02-04T14:18:06.965+0000] {dagbag.py:538} INFO - Filling up the DagBag from /opt/airflow/dags/dag.py
[2023-02-04T14:18:07.061+0000] {processor.py:753} INFO - DAG(s) dict_keys(['dag_lab5_dsa']) retrieved from /opt/airflow/dags/dag.py
[2023-02-04T14:18:07.139+0000] {logging_mixin.py:137} INFO - [2023-02-04T14:18:07.139+0000] {dag.py:2690} INFO - Sync 1 DAGs
[2023-02-04T14:18:07.208+0000] {logging_mixin.py:137} INFO - [2023-02-04T14:18:07.207+0000] {dag.py:3441} INFO - Setting next_dagrun for dag_lab5_dsa to 2023-02-03T00:00:00+00:00, run_after=2023-02-03T00:00:00+00:00
[2023-02-04T14:18:07.280+0000] {processor.py:175} INFO - Processing /opt/airflow/dags/dag.py took 0.325 seconds
[2023-02-04T14:18:37.501+0000] {processor.py:153} INFO - Started process (PID=8013) to work on /opt/airflow/dags/dag.py
[2023-02-04T14:18:37.512+0000] {processor.py:743} INFO - Processing file /opt/airflow/dags/dag.py for tasks to queue
[2023-02-04T14:18:37.514+0000] {logging_mixin.py:137} INFO - [2023-02-04T14:18:37.514+0000] {dagbag.py:538} INFO - Filling up the DagBag from /opt/airflow/dags/dag.py
[2023-02-04T14:18:37.622+0000] {processor.py:753} INFO - DAG(s) dict_keys(['dag_lab5_dsa']) retrieved from /opt/airflow/dags/dag.py
[2023-02-04T14:18:37.684+0000] {logging_mixin.py:137} INFO - [2023-02-04T14:18:37.683+0000] {dag.py:2690} INFO - Sync 1 DAGs
[2023-02-04T14:18:37.774+0000] {logging_mixin.py:137} INFO - [2023-02-04T14:18:37.773+0000] {dag.py:3441} INFO - Setting next_dagrun for dag_lab5_dsa to 2023-02-03T00:00:00+00:00, run_after=2023-02-03T00:00:00+00:00
[2023-02-04T14:18:37.951+0000] {processor.py:175} INFO - Processing /opt/airflow/dags/dag.py took 0.456 seconds
[2023-02-04T14:19:08.315+0000] {processor.py:153} INFO - Started process (PID=8086) to work on /opt/airflow/dags/dag.py
[2023-02-04T14:19:08.318+0000] {processor.py:743} INFO - Processing file /opt/airflow/dags/dag.py for tasks to queue
[2023-02-04T14:19:08.321+0000] {logging_mixin.py:137} INFO - [2023-02-04T14:19:08.320+0000] {dagbag.py:538} INFO - Filling up the DagBag from /opt/airflow/dags/dag.py
[2023-02-04T14:19:08.490+0000] {processor.py:753} INFO - DAG(s) dict_keys(['dag_lab5_dsa']) retrieved from /opt/airflow/dags/dag.py
[2023-02-04T14:19:08.615+0000] {logging_mixin.py:137} INFO - [2023-02-04T14:19:08.615+0000] {dag.py:2690} INFO - Sync 1 DAGs
[2023-02-04T14:19:08.799+0000] {logging_mixin.py:137} INFO - [2023-02-04T14:19:08.799+0000] {dag.py:3441} INFO - Setting next_dagrun for dag_lab5_dsa to 2023-02-03T00:00:00+00:00, run_after=2023-02-03T00:00:00+00:00
[2023-02-04T14:19:08.892+0000] {processor.py:175} INFO - Processing /opt/airflow/dags/dag.py took 0.592 seconds
[2023-02-04T14:19:39.417+0000] {processor.py:153} INFO - Started process (PID=8158) to work on /opt/airflow/dags/dag.py
[2023-02-04T14:19:39.419+0000] {processor.py:743} INFO - Processing file /opt/airflow/dags/dag.py for tasks to queue
[2023-02-04T14:19:39.421+0000] {logging_mixin.py:137} INFO - [2023-02-04T14:19:39.421+0000] {dagbag.py:538} INFO - Filling up the DagBag from /opt/airflow/dags/dag.py
[2023-02-04T14:19:39.521+0000] {processor.py:753} INFO - DAG(s) dict_keys(['dag_lab5_dsa']) retrieved from /opt/airflow/dags/dag.py
[2023-02-04T14:19:39.595+0000] {logging_mixin.py:137} INFO - [2023-02-04T14:19:39.595+0000] {dag.py:2690} INFO - Sync 1 DAGs
[2023-02-04T14:19:39.671+0000] {logging_mixin.py:137} INFO - [2023-02-04T14:19:39.670+0000] {dag.py:3441} INFO - Setting next_dagrun for dag_lab5_dsa to 2023-02-03T00:00:00+00:00, run_after=2023-02-03T00:00:00+00:00
[2023-02-04T14:19:39.733+0000] {processor.py:175} INFO - Processing /opt/airflow/dags/dag.py took 0.336 seconds
[2023-02-04T14:20:09.970+0000] {processor.py:153} INFO - Started process (PID=8224) to work on /opt/airflow/dags/dag.py
[2023-02-04T14:20:09.972+0000] {processor.py:743} INFO - Processing file /opt/airflow/dags/dag.py for tasks to queue
[2023-02-04T14:20:09.976+0000] {logging_mixin.py:137} INFO - [2023-02-04T14:20:09.976+0000] {dagbag.py:538} INFO - Filling up the DagBag from /opt/airflow/dags/dag.py
[2023-02-04T14:20:10.080+0000] {processor.py:753} INFO - DAG(s) dict_keys(['dag_lab5_dsa']) retrieved from /opt/airflow/dags/dag.py
[2023-02-04T14:20:10.179+0000] {logging_mixin.py:137} INFO - [2023-02-04T14:20:10.179+0000] {dag.py:2690} INFO - Sync 1 DAGs
[2023-02-04T14:20:10.250+0000] {logging_mixin.py:137} INFO - [2023-02-04T14:20:10.249+0000] {dag.py:3441} INFO - Setting next_dagrun for dag_lab5_dsa to 2023-02-03T00:00:00+00:00, run_after=2023-02-03T00:00:00+00:00
[2023-02-04T14:20:10.319+0000] {processor.py:175} INFO - Processing /opt/airflow/dags/dag.py took 0.358 seconds
[2023-02-04T14:20:40.411+0000] {processor.py:153} INFO - Started process (PID=8287) to work on /opt/airflow/dags/dag.py
[2023-02-04T14:20:40.415+0000] {processor.py:743} INFO - Processing file /opt/airflow/dags/dag.py for tasks to queue
[2023-02-04T14:20:40.417+0000] {logging_mixin.py:137} INFO - [2023-02-04T14:20:40.416+0000] {dagbag.py:538} INFO - Filling up the DagBag from /opt/airflow/dags/dag.py
[2023-02-04T14:20:40.505+0000] {processor.py:753} INFO - DAG(s) dict_keys(['dag_lab5_dsa']) retrieved from /opt/airflow/dags/dag.py
[2023-02-04T14:20:40.560+0000] {logging_mixin.py:137} INFO - [2023-02-04T14:20:40.560+0000] {dag.py:2690} INFO - Sync 1 DAGs
[2023-02-04T14:20:40.615+0000] {logging_mixin.py:137} INFO - [2023-02-04T14:20:40.614+0000] {dag.py:3441} INFO - Setting next_dagrun for dag_lab5_dsa to 2023-02-03T00:00:00+00:00, run_after=2023-02-03T00:00:00+00:00
[2023-02-04T14:20:40.663+0000] {processor.py:175} INFO - Processing /opt/airflow/dags/dag.py took 0.260 seconds
[2023-02-04T14:21:10.955+0000] {processor.py:153} INFO - Started process (PID=8361) to work on /opt/airflow/dags/dag.py
[2023-02-04T14:21:10.958+0000] {processor.py:743} INFO - Processing file /opt/airflow/dags/dag.py for tasks to queue
[2023-02-04T14:21:10.960+0000] {logging_mixin.py:137} INFO - [2023-02-04T14:21:10.960+0000] {dagbag.py:538} INFO - Filling up the DagBag from /opt/airflow/dags/dag.py
[2023-02-04T14:21:11.031+0000] {processor.py:753} INFO - DAG(s) dict_keys(['dag_lab5_dsa']) retrieved from /opt/airflow/dags/dag.py
[2023-02-04T14:21:11.083+0000] {logging_mixin.py:137} INFO - [2023-02-04T14:21:11.082+0000] {dag.py:2690} INFO - Sync 1 DAGs
[2023-02-04T14:21:11.148+0000] {logging_mixin.py:137} INFO - [2023-02-04T14:21:11.148+0000] {dag.py:3441} INFO - Setting next_dagrun for dag_lab5_dsa to 2023-02-03T00:00:00+00:00, run_after=2023-02-03T00:00:00+00:00
[2023-02-04T14:21:11.222+0000] {processor.py:175} INFO - Processing /opt/airflow/dags/dag.py took 0.273 seconds
[2023-02-04T14:21:42.014+0000] {processor.py:153} INFO - Started process (PID=8433) to work on /opt/airflow/dags/dag.py
[2023-02-04T14:21:42.029+0000] {processor.py:743} INFO - Processing file /opt/airflow/dags/dag.py for tasks to queue
[2023-02-04T14:21:42.030+0000] {logging_mixin.py:137} INFO - [2023-02-04T14:21:42.030+0000] {dagbag.py:538} INFO - Filling up the DagBag from /opt/airflow/dags/dag.py
[2023-02-04T14:21:42.095+0000] {processor.py:753} INFO - DAG(s) dict_keys(['dag_lab5_dsa']) retrieved from /opt/airflow/dags/dag.py
[2023-02-04T14:21:42.149+0000] {logging_mixin.py:137} INFO - [2023-02-04T14:21:42.149+0000] {dag.py:2690} INFO - Sync 1 DAGs
[2023-02-04T14:21:42.200+0000] {logging_mixin.py:137} INFO - [2023-02-04T14:21:42.200+0000] {dag.py:3441} INFO - Setting next_dagrun for dag_lab5_dsa to 2023-02-03T00:00:00+00:00, run_after=2023-02-03T00:00:00+00:00
[2023-02-04T14:21:42.249+0000] {processor.py:175} INFO - Processing /opt/airflow/dags/dag.py took 0.240 seconds
[2023-02-04T14:22:12.443+0000] {processor.py:153} INFO - Started process (PID=8505) to work on /opt/airflow/dags/dag.py
[2023-02-04T14:22:12.460+0000] {processor.py:743} INFO - Processing file /opt/airflow/dags/dag.py for tasks to queue
[2023-02-04T14:22:12.462+0000] {logging_mixin.py:137} INFO - [2023-02-04T14:22:12.461+0000] {dagbag.py:538} INFO - Filling up the DagBag from /opt/airflow/dags/dag.py
[2023-02-04T14:22:12.524+0000] {processor.py:753} INFO - DAG(s) dict_keys(['dag_lab5_dsa']) retrieved from /opt/airflow/dags/dag.py
[2023-02-04T14:22:12.577+0000] {logging_mixin.py:137} INFO - [2023-02-04T14:22:12.577+0000] {dag.py:2690} INFO - Sync 1 DAGs
[2023-02-04T14:22:12.644+0000] {logging_mixin.py:137} INFO - [2023-02-04T14:22:12.644+0000] {dag.py:3441} INFO - Setting next_dagrun for dag_lab5_dsa to 2023-02-03T00:00:00+00:00, run_after=2023-02-03T00:00:00+00:00
[2023-02-04T14:22:12.700+0000] {processor.py:175} INFO - Processing /opt/airflow/dags/dag.py took 0.264 seconds
[2023-02-04T14:22:43.202+0000] {processor.py:153} INFO - Started process (PID=8578) to work on /opt/airflow/dags/dag.py
[2023-02-04T14:22:43.203+0000] {processor.py:743} INFO - Processing file /opt/airflow/dags/dag.py for tasks to queue
[2023-02-04T14:22:43.210+0000] {logging_mixin.py:137} INFO - [2023-02-04T14:22:43.206+0000] {dagbag.py:538} INFO - Filling up the DagBag from /opt/airflow/dags/dag.py
[2023-02-04T14:22:43.371+0000] {processor.py:753} INFO - DAG(s) dict_keys(['dag_lab5_dsa']) retrieved from /opt/airflow/dags/dag.py
[2023-02-04T14:22:43.465+0000] {logging_mixin.py:137} INFO - [2023-02-04T14:22:43.464+0000] {dag.py:2690} INFO - Sync 1 DAGs
[2023-02-04T14:22:43.545+0000] {logging_mixin.py:137} INFO - [2023-02-04T14:22:43.544+0000] {dag.py:3441} INFO - Setting next_dagrun for dag_lab5_dsa to None, run_after=None
[2023-02-04T14:22:43.609+0000] {processor.py:175} INFO - Processing /opt/airflow/dags/dag.py took 0.430 seconds
[2023-02-04T14:23:14.400+0000] {processor.py:153} INFO - Started process (PID=8650) to work on /opt/airflow/dags/dag.py
[2023-02-04T14:23:14.425+0000] {processor.py:743} INFO - Processing file /opt/airflow/dags/dag.py for tasks to queue
[2023-02-04T14:23:14.428+0000] {logging_mixin.py:137} INFO - [2023-02-04T14:23:14.427+0000] {dagbag.py:538} INFO - Filling up the DagBag from /opt/airflow/dags/dag.py
[2023-02-04T14:23:14.519+0000] {processor.py:753} INFO - DAG(s) dict_keys(['dag_lab5_dsa']) retrieved from /opt/airflow/dags/dag.py
[2023-02-04T14:23:14.580+0000] {logging_mixin.py:137} INFO - [2023-02-04T14:23:14.580+0000] {dag.py:2690} INFO - Sync 1 DAGs
[2023-02-04T14:23:14.659+0000] {logging_mixin.py:137} INFO - [2023-02-04T14:23:14.659+0000] {dag.py:3441} INFO - Setting next_dagrun for dag_lab5_dsa to None, run_after=None
[2023-02-04T14:23:14.769+0000] {processor.py:175} INFO - Processing /opt/airflow/dags/dag.py took 0.379 seconds
[2023-02-04T14:23:45.330+0000] {processor.py:153} INFO - Started process (PID=8722) to work on /opt/airflow/dags/dag.py
[2023-02-04T14:23:45.332+0000] {processor.py:743} INFO - Processing file /opt/airflow/dags/dag.py for tasks to queue
[2023-02-04T14:23:45.335+0000] {logging_mixin.py:137} INFO - [2023-02-04T14:23:45.334+0000] {dagbag.py:538} INFO - Filling up the DagBag from /opt/airflow/dags/dag.py
[2023-02-04T14:23:45.475+0000] {processor.py:753} INFO - DAG(s) dict_keys(['dag_lab5_dsa']) retrieved from /opt/airflow/dags/dag.py
[2023-02-04T14:23:45.546+0000] {logging_mixin.py:137} INFO - [2023-02-04T14:23:45.546+0000] {dag.py:2690} INFO - Sync 1 DAGs
[2023-02-04T14:23:45.621+0000] {logging_mixin.py:137} INFO - [2023-02-04T14:23:45.620+0000] {dag.py:3441} INFO - Setting next_dagrun for dag_lab5_dsa to None, run_after=None
[2023-02-04T14:23:45.676+0000] {processor.py:175} INFO - Processing /opt/airflow/dags/dag.py took 0.356 seconds
[2023-02-04T14:24:15.788+0000] {processor.py:153} INFO - Started process (PID=8787) to work on /opt/airflow/dags/dag.py
[2023-02-04T14:24:15.813+0000] {processor.py:743} INFO - Processing file /opt/airflow/dags/dag.py for tasks to queue
[2023-02-04T14:24:15.815+0000] {logging_mixin.py:137} INFO - [2023-02-04T14:24:15.815+0000] {dagbag.py:538} INFO - Filling up the DagBag from /opt/airflow/dags/dag.py
[2023-02-04T14:24:15.906+0000] {processor.py:753} INFO - DAG(s) dict_keys(['dag_lab5_dsa']) retrieved from /opt/airflow/dags/dag.py
[2023-02-04T14:24:15.979+0000] {logging_mixin.py:137} INFO - [2023-02-04T14:24:15.979+0000] {dag.py:2690} INFO - Sync 1 DAGs
[2023-02-04T14:24:16.054+0000] {logging_mixin.py:137} INFO - [2023-02-04T14:24:16.053+0000] {dag.py:3441} INFO - Setting next_dagrun for dag_lab5_dsa to None, run_after=None
[2023-02-04T14:24:16.115+0000] {processor.py:175} INFO - Processing /opt/airflow/dags/dag.py took 0.336 seconds
[2023-02-04T14:24:46.677+0000] {processor.py:153} INFO - Started process (PID=8850) to work on /opt/airflow/dags/dag.py
[2023-02-04T14:24:46.682+0000] {processor.py:743} INFO - Processing file /opt/airflow/dags/dag.py for tasks to queue
[2023-02-04T14:24:46.687+0000] {logging_mixin.py:137} INFO - [2023-02-04T14:24:46.687+0000] {dagbag.py:538} INFO - Filling up the DagBag from /opt/airflow/dags/dag.py
[2023-02-04T14:24:46.827+0000] {processor.py:753} INFO - DAG(s) dict_keys(['dag_lab5_dsa']) retrieved from /opt/airflow/dags/dag.py
[2023-02-04T14:24:46.875+0000] {logging_mixin.py:137} INFO - [2023-02-04T14:24:46.875+0000] {dag.py:2690} INFO - Sync 1 DAGs
[2023-02-04T14:24:46.941+0000] {logging_mixin.py:137} INFO - [2023-02-04T14:24:46.941+0000] {dag.py:3441} INFO - Setting next_dagrun for dag_lab5_dsa to None, run_after=None
[2023-02-04T14:24:46.989+0000] {processor.py:175} INFO - Processing /opt/airflow/dags/dag.py took 0.322 seconds
[2023-02-04T14:25:17.761+0000] {processor.py:153} INFO - Started process (PID=8923) to work on /opt/airflow/dags/dag.py
[2023-02-04T14:25:17.814+0000] {processor.py:743} INFO - Processing file /opt/airflow/dags/dag.py for tasks to queue
[2023-02-04T14:25:17.816+0000] {logging_mixin.py:137} INFO - [2023-02-04T14:25:17.815+0000] {dagbag.py:538} INFO - Filling up the DagBag from /opt/airflow/dags/dag.py
[2023-02-04T14:25:17.897+0000] {processor.py:753} INFO - DAG(s) dict_keys(['dag_lab5_dsa']) retrieved from /opt/airflow/dags/dag.py
[2023-02-04T14:25:17.959+0000] {logging_mixin.py:137} INFO - [2023-02-04T14:25:17.959+0000] {dag.py:2690} INFO - Sync 1 DAGs
[2023-02-04T14:25:18.054+0000] {logging_mixin.py:137} INFO - [2023-02-04T14:25:18.054+0000] {dag.py:3441} INFO - Setting next_dagrun for dag_lab5_dsa to None, run_after=None
[2023-02-04T14:25:18.173+0000] {processor.py:175} INFO - Processing /opt/airflow/dags/dag.py took 0.419 seconds
[2023-02-04T14:25:48.487+0000] {processor.py:153} INFO - Started process (PID=8988) to work on /opt/airflow/dags/dag.py
[2023-02-04T14:25:48.490+0000] {processor.py:743} INFO - Processing file /opt/airflow/dags/dag.py for tasks to queue
[2023-02-04T14:25:48.494+0000] {logging_mixin.py:137} INFO - [2023-02-04T14:25:48.494+0000] {dagbag.py:538} INFO - Filling up the DagBag from /opt/airflow/dags/dag.py
[2023-02-04T14:25:48.598+0000] {processor.py:753} INFO - DAG(s) dict_keys(['dag_lab5_dsa']) retrieved from /opt/airflow/dags/dag.py
[2023-02-04T14:25:48.762+0000] {logging_mixin.py:137} INFO - [2023-02-04T14:25:48.761+0000] {dag.py:2690} INFO - Sync 1 DAGs
[2023-02-04T14:25:48.896+0000] {logging_mixin.py:137} INFO - [2023-02-04T14:25:48.896+0000] {dag.py:3441} INFO - Setting next_dagrun for dag_lab5_dsa to None, run_after=None
[2023-02-04T14:25:48.979+0000] {processor.py:175} INFO - Processing /opt/airflow/dags/dag.py took 0.502 seconds
[2023-02-04T14:26:19.410+0000] {processor.py:153} INFO - Started process (PID=9052) to work on /opt/airflow/dags/dag.py
[2023-02-04T14:26:19.411+0000] {processor.py:743} INFO - Processing file /opt/airflow/dags/dag.py for tasks to queue
[2023-02-04T14:26:19.412+0000] {logging_mixin.py:137} INFO - [2023-02-04T14:26:19.411+0000] {dagbag.py:538} INFO - Filling up the DagBag from /opt/airflow/dags/dag.py
[2023-02-04T14:26:19.494+0000] {processor.py:753} INFO - DAG(s) dict_keys(['dag_lab5_dsa']) retrieved from /opt/airflow/dags/dag.py
[2023-02-04T14:26:19.566+0000] {logging_mixin.py:137} INFO - [2023-02-04T14:26:19.565+0000] {dag.py:2690} INFO - Sync 1 DAGs
[2023-02-04T14:26:19.628+0000] {logging_mixin.py:137} INFO - [2023-02-04T14:26:19.627+0000] {dag.py:3441} INFO - Setting next_dagrun for dag_lab5_dsa to None, run_after=None
[2023-02-04T14:26:19.670+0000] {processor.py:175} INFO - Processing /opt/airflow/dags/dag.py took 0.267 seconds
[2023-02-04T14:26:50.378+0000] {processor.py:153} INFO - Started process (PID=9125) to work on /opt/airflow/dags/dag.py
[2023-02-04T14:26:50.384+0000] {processor.py:743} INFO - Processing file /opt/airflow/dags/dag.py for tasks to queue
[2023-02-04T14:26:50.386+0000] {logging_mixin.py:137} INFO - [2023-02-04T14:26:50.385+0000] {dagbag.py:538} INFO - Filling up the DagBag from /opt/airflow/dags/dag.py
[2023-02-04T14:26:50.459+0000] {processor.py:753} INFO - DAG(s) dict_keys(['dag_lab5_dsa']) retrieved from /opt/airflow/dags/dag.py
[2023-02-04T14:26:50.500+0000] {logging_mixin.py:137} INFO - [2023-02-04T14:26:50.499+0000] {dag.py:2690} INFO - Sync 1 DAGs
[2023-02-04T14:26:50.565+0000] {logging_mixin.py:137} INFO - [2023-02-04T14:26:50.564+0000] {dag.py:3441} INFO - Setting next_dagrun for dag_lab5_dsa to None, run_after=None
[2023-02-04T14:26:50.636+0000] {processor.py:175} INFO - Processing /opt/airflow/dags/dag.py took 0.264 seconds
[2023-02-04T14:27:20.970+0000] {processor.py:153} INFO - Started process (PID=9197) to work on /opt/airflow/dags/dag.py
[2023-02-04T14:27:20.977+0000] {processor.py:743} INFO - Processing file /opt/airflow/dags/dag.py for tasks to queue
[2023-02-04T14:27:20.984+0000] {logging_mixin.py:137} INFO - [2023-02-04T14:27:20.983+0000] {dagbag.py:538} INFO - Filling up the DagBag from /opt/airflow/dags/dag.py
[2023-02-04T14:27:21.283+0000] {processor.py:753} INFO - DAG(s) dict_keys(['dag_lab5_dsa']) retrieved from /opt/airflow/dags/dag.py
[2023-02-04T14:27:21.413+0000] {logging_mixin.py:137} INFO - [2023-02-04T14:27:21.413+0000] {dag.py:2690} INFO - Sync 1 DAGs
[2023-02-04T14:27:21.633+0000] {logging_mixin.py:137} INFO - [2023-02-04T14:27:21.633+0000] {dag.py:3441} INFO - Setting next_dagrun for dag_lab5_dsa to None, run_after=None
[2023-02-04T14:27:21.877+0000] {processor.py:175} INFO - Processing /opt/airflow/dags/dag.py took 0.916 seconds
[2023-02-04T14:27:52.160+0000] {processor.py:153} INFO - Started process (PID=9269) to work on /opt/airflow/dags/dag.py
[2023-02-04T14:27:52.163+0000] {processor.py:743} INFO - Processing file /opt/airflow/dags/dag.py for tasks to queue
[2023-02-04T14:27:52.165+0000] {logging_mixin.py:137} INFO - [2023-02-04T14:27:52.164+0000] {dagbag.py:538} INFO - Filling up the DagBag from /opt/airflow/dags/dag.py
[2023-02-04T14:27:52.287+0000] {processor.py:753} INFO - DAG(s) dict_keys(['dag_lab5_dsa']) retrieved from /opt/airflow/dags/dag.py
[2023-02-04T14:27:52.372+0000] {logging_mixin.py:137} INFO - [2023-02-04T14:27:52.372+0000] {dag.py:2690} INFO - Sync 1 DAGs
[2023-02-04T14:27:52.475+0000] {logging_mixin.py:137} INFO - [2023-02-04T14:27:52.474+0000] {dag.py:3441} INFO - Setting next_dagrun for dag_lab5_dsa to None, run_after=None
[2023-02-04T14:27:52.543+0000] {processor.py:175} INFO - Processing /opt/airflow/dags/dag.py took 0.398 seconds
[2023-02-04T14:28:18.794+0000] {processor.py:153} INFO - Started process (PID=9325) to work on /opt/airflow/dags/dag.py
[2023-02-04T14:28:18.795+0000] {processor.py:743} INFO - Processing file /opt/airflow/dags/dag.py for tasks to queue
[2023-02-04T14:28:18.796+0000] {logging_mixin.py:137} INFO - [2023-02-04T14:28:18.796+0000] {dagbag.py:538} INFO - Filling up the DagBag from /opt/airflow/dags/dag.py
[2023-02-04T14:28:18.846+0000] {processor.py:753} INFO - DAG(s) dict_keys(['dag_lab5_dsa']) retrieved from /opt/airflow/dags/dag.py
[2023-02-04T14:28:19.077+0000] {logging_mixin.py:137} INFO - [2023-02-04T14:28:19.077+0000] {dag.py:2690} INFO - Sync 1 DAGs
[2023-02-04T14:28:19.143+0000] {logging_mixin.py:137} INFO - [2023-02-04T14:28:19.142+0000] {dag.py:3441} INFO - Setting next_dagrun for dag_lab5_dsa to None, run_after=None
[2023-02-04T14:28:19.189+0000] {processor.py:175} INFO - Processing /opt/airflow/dags/dag.py took 0.399 seconds
[2023-02-04T14:28:49.582+0000] {processor.py:153} INFO - Started process (PID=9397) to work on /opt/airflow/dags/dag.py
[2023-02-04T14:28:49.585+0000] {processor.py:743} INFO - Processing file /opt/airflow/dags/dag.py for tasks to queue
[2023-02-04T14:28:49.587+0000] {logging_mixin.py:137} INFO - [2023-02-04T14:28:49.586+0000] {dagbag.py:538} INFO - Filling up the DagBag from /opt/airflow/dags/dag.py
[2023-02-04T14:28:49.653+0000] {processor.py:753} INFO - DAG(s) dict_keys(['dag_lab5_dsa']) retrieved from /opt/airflow/dags/dag.py
[2023-02-04T14:28:49.700+0000] {logging_mixin.py:137} INFO - [2023-02-04T14:28:49.699+0000] {dag.py:2690} INFO - Sync 1 DAGs
[2023-02-04T14:28:49.748+0000] {logging_mixin.py:137} INFO - [2023-02-04T14:28:49.748+0000] {dag.py:3441} INFO - Setting next_dagrun for dag_lab5_dsa to None, run_after=None
[2023-02-04T14:28:49.820+0000] {processor.py:175} INFO - Processing /opt/airflow/dags/dag.py took 0.244 seconds
[2023-02-04T14:29:20.279+0000] {processor.py:153} INFO - Started process (PID=9469) to work on /opt/airflow/dags/dag.py
[2023-02-04T14:29:20.281+0000] {processor.py:743} INFO - Processing file /opt/airflow/dags/dag.py for tasks to queue
[2023-02-04T14:29:20.283+0000] {logging_mixin.py:137} INFO - [2023-02-04T14:29:20.283+0000] {dagbag.py:538} INFO - Filling up the DagBag from /opt/airflow/dags/dag.py
[2023-02-04T14:29:20.405+0000] {processor.py:753} INFO - DAG(s) dict_keys(['dag_lab5_dsa']) retrieved from /opt/airflow/dags/dag.py
[2023-02-04T14:29:20.466+0000] {logging_mixin.py:137} INFO - [2023-02-04T14:29:20.465+0000] {dag.py:2690} INFO - Sync 1 DAGs
[2023-02-04T14:29:20.538+0000] {logging_mixin.py:137} INFO - [2023-02-04T14:29:20.538+0000] {dag.py:3441} INFO - Setting next_dagrun for dag_lab5_dsa to None, run_after=None
[2023-02-04T14:29:20.597+0000] {processor.py:175} INFO - Processing /opt/airflow/dags/dag.py took 0.335 seconds
[2023-02-04T14:29:51.128+0000] {processor.py:153} INFO - Started process (PID=9534) to work on /opt/airflow/dags/dag.py
[2023-02-04T14:29:51.160+0000] {processor.py:743} INFO - Processing file /opt/airflow/dags/dag.py for tasks to queue
[2023-02-04T14:29:51.165+0000] {logging_mixin.py:137} INFO - [2023-02-04T14:29:51.164+0000] {dagbag.py:538} INFO - Filling up the DagBag from /opt/airflow/dags/dag.py
[2023-02-04T14:29:51.496+0000] {processor.py:753} INFO - DAG(s) dict_keys(['dag_lab5_dsa']) retrieved from /opt/airflow/dags/dag.py
[2023-02-04T14:29:51.830+0000] {logging_mixin.py:137} INFO - [2023-02-04T14:29:51.830+0000] {dag.py:2690} INFO - Sync 1 DAGs
[2023-02-04T14:29:52.092+0000] {logging_mixin.py:137} INFO - [2023-02-04T14:29:52.091+0000] {dag.py:3441} INFO - Setting next_dagrun for dag_lab5_dsa to None, run_after=None
[2023-02-04T14:29:52.222+0000] {processor.py:175} INFO - Processing /opt/airflow/dags/dag.py took 1.112 seconds
[2023-02-04T14:30:22.754+0000] {processor.py:153} INFO - Started process (PID=9597) to work on /opt/airflow/dags/dag.py
[2023-02-04T14:30:22.760+0000] {processor.py:743} INFO - Processing file /opt/airflow/dags/dag.py for tasks to queue
[2023-02-04T14:30:22.762+0000] {logging_mixin.py:137} INFO - [2023-02-04T14:30:22.761+0000] {dagbag.py:538} INFO - Filling up the DagBag from /opt/airflow/dags/dag.py
[2023-02-04T14:30:22.877+0000] {processor.py:753} INFO - DAG(s) dict_keys(['dag_lab5_dsa']) retrieved from /opt/airflow/dags/dag.py
[2023-02-04T14:30:22.935+0000] {logging_mixin.py:137} INFO - [2023-02-04T14:30:22.935+0000] {dag.py:2690} INFO - Sync 1 DAGs
[2023-02-04T14:30:23.024+0000] {logging_mixin.py:137} INFO - [2023-02-04T14:30:23.023+0000] {dag.py:3441} INFO - Setting next_dagrun for dag_lab5_dsa to None, run_after=None
[2023-02-04T14:30:23.069+0000] {processor.py:175} INFO - Processing /opt/airflow/dags/dag.py took 0.327 seconds
[2023-02-04T14:30:53.325+0000] {processor.py:153} INFO - Started process (PID=9671) to work on /opt/airflow/dags/dag.py
[2023-02-04T14:30:53.334+0000] {processor.py:743} INFO - Processing file /opt/airflow/dags/dag.py for tasks to queue
[2023-02-04T14:30:53.340+0000] {logging_mixin.py:137} INFO - [2023-02-04T14:30:53.339+0000] {dagbag.py:538} INFO - Filling up the DagBag from /opt/airflow/dags/dag.py
[2023-02-04T14:30:53.480+0000] {processor.py:753} INFO - DAG(s) dict_keys(['dag_lab5_dsa']) retrieved from /opt/airflow/dags/dag.py
[2023-02-04T14:30:53.586+0000] {logging_mixin.py:137} INFO - [2023-02-04T14:30:53.586+0000] {dag.py:2690} INFO - Sync 1 DAGs
[2023-02-04T14:30:53.711+0000] {logging_mixin.py:137} INFO - [2023-02-04T14:30:53.710+0000] {dag.py:3441} INFO - Setting next_dagrun for dag_lab5_dsa to None, run_after=None
[2023-02-04T14:30:53.810+0000] {processor.py:175} INFO - Processing /opt/airflow/dags/dag.py took 0.505 seconds
[2023-02-04T14:31:24.249+0000] {processor.py:153} INFO - Started process (PID=9727) to work on /opt/airflow/dags/dag.py
[2023-02-04T14:31:24.265+0000] {processor.py:743} INFO - Processing file /opt/airflow/dags/dag.py for tasks to queue
[2023-02-04T14:31:24.266+0000] {logging_mixin.py:137} INFO - [2023-02-04T14:31:24.266+0000] {dagbag.py:538} INFO - Filling up the DagBag from /opt/airflow/dags/dag.py
[2023-02-04T14:31:24.325+0000] {processor.py:753} INFO - DAG(s) dict_keys(['dag_lab5_dsa']) retrieved from /opt/airflow/dags/dag.py
[2023-02-04T14:31:24.371+0000] {logging_mixin.py:137} INFO - [2023-02-04T14:31:24.371+0000] {dag.py:2690} INFO - Sync 1 DAGs
[2023-02-04T14:31:24.430+0000] {logging_mixin.py:137} INFO - [2023-02-04T14:31:24.430+0000] {dag.py:3441} INFO - Setting next_dagrun for dag_lab5_dsa to None, run_after=None
[2023-02-04T14:31:24.482+0000] {processor.py:175} INFO - Processing /opt/airflow/dags/dag.py took 0.239 seconds
[2023-02-04T14:31:55.346+0000] {processor.py:153} INFO - Started process (PID=9799) to work on /opt/airflow/dags/dag.py
[2023-02-04T14:31:55.421+0000] {processor.py:743} INFO - Processing file /opt/airflow/dags/dag.py for tasks to queue
[2023-02-04T14:31:55.422+0000] {logging_mixin.py:137} INFO - [2023-02-04T14:31:55.422+0000] {dagbag.py:538} INFO - Filling up the DagBag from /opt/airflow/dags/dag.py
[2023-02-04T14:31:55.484+0000] {processor.py:753} INFO - DAG(s) dict_keys(['dag_lab5_dsa']) retrieved from /opt/airflow/dags/dag.py
[2023-02-04T14:31:55.526+0000] {logging_mixin.py:137} INFO - [2023-02-04T14:31:55.526+0000] {dag.py:2690} INFO - Sync 1 DAGs
[2023-02-04T14:31:55.629+0000] {logging_mixin.py:137} INFO - [2023-02-04T14:31:55.628+0000] {dag.py:3441} INFO - Setting next_dagrun for dag_lab5_dsa to None, run_after=None
[2023-02-04T14:31:55.782+0000] {processor.py:175} INFO - Processing /opt/airflow/dags/dag.py took 0.444 seconds
[2023-02-04T14:32:26.021+0000] {processor.py:153} INFO - Started process (PID=9872) to work on /opt/airflow/dags/dag.py
[2023-02-04T14:32:26.022+0000] {processor.py:743} INFO - Processing file /opt/airflow/dags/dag.py for tasks to queue
[2023-02-04T14:32:26.024+0000] {logging_mixin.py:137} INFO - [2023-02-04T14:32:26.024+0000] {dagbag.py:538} INFO - Filling up the DagBag from /opt/airflow/dags/dag.py
[2023-02-04T14:32:26.112+0000] {processor.py:753} INFO - DAG(s) dict_keys(['dag_lab5_dsa']) retrieved from /opt/airflow/dags/dag.py
[2023-02-04T14:32:26.172+0000] {logging_mixin.py:137} INFO - [2023-02-04T14:32:26.171+0000] {dag.py:2690} INFO - Sync 1 DAGs
[2023-02-04T14:32:26.252+0000] {logging_mixin.py:137} INFO - [2023-02-04T14:32:26.249+0000] {dag.py:3441} INFO - Setting next_dagrun for dag_lab5_dsa to None, run_after=None
[2023-02-04T14:32:26.335+0000] {processor.py:175} INFO - Processing /opt/airflow/dags/dag.py took 0.324 seconds
[2023-02-04T14:32:56.456+0000] {processor.py:153} INFO - Started process (PID=9944) to work on /opt/airflow/dags/dag.py
[2023-02-04T14:32:56.460+0000] {processor.py:743} INFO - Processing file /opt/airflow/dags/dag.py for tasks to queue
[2023-02-04T14:32:56.462+0000] {logging_mixin.py:137} INFO - [2023-02-04T14:32:56.462+0000] {dagbag.py:538} INFO - Filling up the DagBag from /opt/airflow/dags/dag.py
[2023-02-04T14:32:56.628+0000] {processor.py:753} INFO - DAG(s) dict_keys(['dag_lab5_dsa']) retrieved from /opt/airflow/dags/dag.py
[2023-02-04T14:32:56.755+0000] {logging_mixin.py:137} INFO - [2023-02-04T14:32:56.754+0000] {dag.py:2690} INFO - Sync 1 DAGs
[2023-02-04T14:32:56.909+0000] {logging_mixin.py:137} INFO - [2023-02-04T14:32:56.909+0000] {dag.py:3441} INFO - Setting next_dagrun for dag_lab5_dsa to None, run_after=None
[2023-02-04T14:32:57.008+0000] {processor.py:175} INFO - Processing /opt/airflow/dags/dag.py took 0.565 seconds
[2023-02-04T14:33:23.844+0000] {processor.py:153} INFO - Started process (PID=9989) to work on /opt/airflow/dags/dag.py
[2023-02-04T14:33:23.845+0000] {processor.py:743} INFO - Processing file /opt/airflow/dags/dag.py for tasks to queue
[2023-02-04T14:33:23.846+0000] {logging_mixin.py:137} INFO - [2023-02-04T14:33:23.846+0000] {dagbag.py:538} INFO - Filling up the DagBag from /opt/airflow/dags/dag.py
[2023-02-04T14:33:23.940+0000] {processor.py:753} INFO - DAG(s) dict_keys(['dag_lab5_dsa']) retrieved from /opt/airflow/dags/dag.py
[2023-02-04T14:33:24.031+0000] {logging_mixin.py:137} INFO - [2023-02-04T14:33:24.030+0000] {dag.py:2690} INFO - Sync 1 DAGs
[2023-02-04T14:33:24.089+0000] {logging_mixin.py:137} INFO - [2023-02-04T14:33:24.088+0000] {dag.py:3441} INFO - Setting next_dagrun for dag_lab5_dsa to None, run_after=None
[2023-02-04T14:33:24.135+0000] {processor.py:175} INFO - Processing /opt/airflow/dags/dag.py took 0.299 seconds
[2023-02-04T14:33:54.426+0000] {processor.py:153} INFO - Started process (PID=10061) to work on /opt/airflow/dags/dag.py
[2023-02-04T14:33:54.441+0000] {processor.py:743} INFO - Processing file /opt/airflow/dags/dag.py for tasks to queue
[2023-02-04T14:33:54.444+0000] {logging_mixin.py:137} INFO - [2023-02-04T14:33:54.443+0000] {dagbag.py:538} INFO - Filling up the DagBag from /opt/airflow/dags/dag.py
[2023-02-04T14:33:54.528+0000] {processor.py:753} INFO - DAG(s) dict_keys(['dag_lab5_dsa']) retrieved from /opt/airflow/dags/dag.py
[2023-02-04T14:33:54.590+0000] {logging_mixin.py:137} INFO - [2023-02-04T14:33:54.589+0000] {dag.py:2690} INFO - Sync 1 DAGs
[2023-02-04T14:33:54.654+0000] {logging_mixin.py:137} INFO - [2023-02-04T14:33:54.654+0000] {dag.py:3441} INFO - Setting next_dagrun for dag_lab5_dsa to None, run_after=None
[2023-02-04T14:33:54.717+0000] {processor.py:175} INFO - Processing /opt/airflow/dags/dag.py took 0.301 seconds
[2023-02-04T14:34:25.283+0000] {processor.py:153} INFO - Started process (PID=10126) to work on /opt/airflow/dags/dag.py
[2023-02-04T14:34:25.285+0000] {processor.py:743} INFO - Processing file /opt/airflow/dags/dag.py for tasks to queue
[2023-02-04T14:34:25.287+0000] {logging_mixin.py:137} INFO - [2023-02-04T14:34:25.287+0000] {dagbag.py:538} INFO - Filling up the DagBag from /opt/airflow/dags/dag.py
[2023-02-04T14:34:25.404+0000] {processor.py:753} INFO - DAG(s) dict_keys(['dag_lab5_dsa']) retrieved from /opt/airflow/dags/dag.py
[2023-02-04T14:34:25.477+0000] {logging_mixin.py:137} INFO - [2023-02-04T14:34:25.477+0000] {dag.py:2690} INFO - Sync 1 DAGs
[2023-02-04T14:34:25.572+0000] {logging_mixin.py:137} INFO - [2023-02-04T14:34:25.572+0000] {dag.py:3441} INFO - Setting next_dagrun for dag_lab5_dsa to None, run_after=None
[2023-02-04T14:34:25.689+0000] {processor.py:175} INFO - Processing /opt/airflow/dags/dag.py took 0.416 seconds
[2023-02-04T14:34:56.483+0000] {processor.py:153} INFO - Started process (PID=10194) to work on /opt/airflow/dags/dag.py
[2023-02-04T14:34:56.490+0000] {processor.py:743} INFO - Processing file /opt/airflow/dags/dag.py for tasks to queue
[2023-02-04T14:34:56.498+0000] {logging_mixin.py:137} INFO - [2023-02-04T14:34:56.497+0000] {dagbag.py:538} INFO - Filling up the DagBag from /opt/airflow/dags/dag.py
[2023-02-04T14:34:56.711+0000] {processor.py:753} INFO - DAG(s) dict_keys(['dag_lab5_dsa']) retrieved from /opt/airflow/dags/dag.py
[2023-02-04T14:34:56.841+0000] {logging_mixin.py:137} INFO - [2023-02-04T14:34:56.840+0000] {dag.py:2690} INFO - Sync 1 DAGs
[2023-02-04T14:34:57.011+0000] {logging_mixin.py:137} INFO - [2023-02-04T14:34:57.011+0000] {dag.py:3441} INFO - Setting next_dagrun for dag_lab5_dsa to None, run_after=None
[2023-02-04T14:34:57.121+0000] {processor.py:175} INFO - Processing /opt/airflow/dags/dag.py took 0.658 seconds
[2023-02-04T14:35:27.592+0000] {processor.py:153} INFO - Started process (PID=10259) to work on /opt/airflow/dags/dag.py
[2023-02-04T14:35:27.594+0000] {processor.py:743} INFO - Processing file /opt/airflow/dags/dag.py for tasks to queue
[2023-02-04T14:35:27.596+0000] {logging_mixin.py:137} INFO - [2023-02-04T14:35:27.595+0000] {dagbag.py:538} INFO - Filling up the DagBag from /opt/airflow/dags/dag.py
[2023-02-04T14:35:27.678+0000] {processor.py:753} INFO - DAG(s) dict_keys(['dag_lab5_dsa']) retrieved from /opt/airflow/dags/dag.py
[2023-02-04T14:35:27.735+0000] {logging_mixin.py:137} INFO - [2023-02-04T14:35:27.734+0000] {dag.py:2690} INFO - Sync 1 DAGs
[2023-02-04T14:35:27.805+0000] {logging_mixin.py:137} INFO - [2023-02-04T14:35:27.805+0000] {dag.py:3441} INFO - Setting next_dagrun for dag_lab5_dsa to None, run_after=None
[2023-02-04T14:35:27.865+0000] {processor.py:175} INFO - Processing /opt/airflow/dags/dag.py took 0.279 seconds
[2023-02-04T14:35:58.258+0000] {processor.py:153} INFO - Started process (PID=10331) to work on /opt/airflow/dags/dag.py
[2023-02-04T14:35:58.275+0000] {processor.py:743} INFO - Processing file /opt/airflow/dags/dag.py for tasks to queue
[2023-02-04T14:35:58.277+0000] {logging_mixin.py:137} INFO - [2023-02-04T14:35:58.276+0000] {dagbag.py:538} INFO - Filling up the DagBag from /opt/airflow/dags/dag.py
[2023-02-04T14:35:58.391+0000] {processor.py:753} INFO - DAG(s) dict_keys(['dag_lab5_dsa']) retrieved from /opt/airflow/dags/dag.py
[2023-02-04T14:35:58.486+0000] {logging_mixin.py:137} INFO - [2023-02-04T14:35:58.486+0000] {dag.py:2690} INFO - Sync 1 DAGs
[2023-02-04T14:35:58.558+0000] {logging_mixin.py:137} INFO - [2023-02-04T14:35:58.558+0000] {dag.py:3441} INFO - Setting next_dagrun for dag_lab5_dsa to None, run_after=None
[2023-02-04T14:35:58.601+0000] {processor.py:175} INFO - Processing /opt/airflow/dags/dag.py took 0.353 seconds
[2023-02-04T14:36:29.189+0000] {processor.py:153} INFO - Started process (PID=10402) to work on /opt/airflow/dags/dag.py
[2023-02-04T14:36:29.206+0000] {processor.py:743} INFO - Processing file /opt/airflow/dags/dag.py for tasks to queue
[2023-02-04T14:36:29.208+0000] {logging_mixin.py:137} INFO - [2023-02-04T14:36:29.208+0000] {dagbag.py:538} INFO - Filling up the DagBag from /opt/airflow/dags/dag.py
[2023-02-04T14:36:29.336+0000] {processor.py:753} INFO - DAG(s) dict_keys(['dag_lab5_dsa']) retrieved from /opt/airflow/dags/dag.py
[2023-02-04T14:36:29.399+0000] {logging_mixin.py:137} INFO - [2023-02-04T14:36:29.398+0000] {dag.py:2690} INFO - Sync 1 DAGs
[2023-02-04T14:36:29.491+0000] {logging_mixin.py:137} INFO - [2023-02-04T14:36:29.491+0000] {dag.py:3441} INFO - Setting next_dagrun for dag_lab5_dsa to None, run_after=None
[2023-02-04T14:36:29.577+0000] {processor.py:175} INFO - Processing /opt/airflow/dags/dag.py took 0.408 seconds
[2023-02-04T14:37:00.173+0000] {processor.py:153} INFO - Started process (PID=10466) to work on /opt/airflow/dags/dag.py
[2023-02-04T14:37:00.181+0000] {processor.py:743} INFO - Processing file /opt/airflow/dags/dag.py for tasks to queue
[2023-02-04T14:37:00.183+0000] {logging_mixin.py:137} INFO - [2023-02-04T14:37:00.182+0000] {dagbag.py:538} INFO - Filling up the DagBag from /opt/airflow/dags/dag.py
[2023-02-04T14:37:00.288+0000] {processor.py:753} INFO - DAG(s) dict_keys(['dag_lab5_dsa']) retrieved from /opt/airflow/dags/dag.py
[2023-02-04T14:37:00.373+0000] {logging_mixin.py:137} INFO - [2023-02-04T14:37:00.373+0000] {dag.py:2690} INFO - Sync 1 DAGs
[2023-02-04T14:37:00.510+0000] {logging_mixin.py:137} INFO - [2023-02-04T14:37:00.510+0000] {dag.py:3441} INFO - Setting next_dagrun for dag_lab5_dsa to None, run_after=None
[2023-02-04T14:37:00.619+0000] {processor.py:175} INFO - Processing /opt/airflow/dags/dag.py took 0.461 seconds
[2023-02-04T14:37:31.296+0000] {processor.py:153} INFO - Started process (PID=10529) to work on /opt/airflow/dags/dag.py
[2023-02-04T14:37:31.298+0000] {processor.py:743} INFO - Processing file /opt/airflow/dags/dag.py for tasks to queue
[2023-02-04T14:37:31.300+0000] {logging_mixin.py:137} INFO - [2023-02-04T14:37:31.300+0000] {dagbag.py:538} INFO - Filling up the DagBag from /opt/airflow/dags/dag.py
[2023-02-04T14:37:31.404+0000] {processor.py:753} INFO - DAG(s) dict_keys(['dag_lab5_dsa']) retrieved from /opt/airflow/dags/dag.py
[2023-02-04T14:37:31.480+0000] {logging_mixin.py:137} INFO - [2023-02-04T14:37:31.479+0000] {dag.py:2690} INFO - Sync 1 DAGs
[2023-02-04T14:37:31.571+0000] {logging_mixin.py:137} INFO - [2023-02-04T14:37:31.570+0000] {dag.py:3441} INFO - Setting next_dagrun for dag_lab5_dsa to None, run_after=None
[2023-02-04T14:37:31.657+0000] {processor.py:175} INFO - Processing /opt/airflow/dags/dag.py took 0.372 seconds
[2023-02-04T14:38:01.750+0000] {processor.py:153} INFO - Started process (PID=10601) to work on /opt/airflow/dags/dag.py
[2023-02-04T14:38:01.760+0000] {processor.py:743} INFO - Processing file /opt/airflow/dags/dag.py for tasks to queue
[2023-02-04T14:38:01.762+0000] {logging_mixin.py:137} INFO - [2023-02-04T14:38:01.762+0000] {dagbag.py:538} INFO - Filling up the DagBag from /opt/airflow/dags/dag.py
[2023-02-04T14:38:01.822+0000] {processor.py:753} INFO - DAG(s) dict_keys(['dag_lab5_dsa']) retrieved from /opt/airflow/dags/dag.py
[2023-02-04T14:38:01.879+0000] {logging_mixin.py:137} INFO - [2023-02-04T14:38:01.878+0000] {dag.py:2690} INFO - Sync 1 DAGs
[2023-02-04T14:38:01.937+0000] {logging_mixin.py:137} INFO - [2023-02-04T14:38:01.937+0000] {dag.py:3441} INFO - Setting next_dagrun for dag_lab5_dsa to None, run_after=None
[2023-02-04T14:38:01.985+0000] {processor.py:175} INFO - Processing /opt/airflow/dags/dag.py took 0.244 seconds
[2023-02-04T14:38:32.217+0000] {processor.py:153} INFO - Started process (PID=10673) to work on /opt/airflow/dags/dag.py
[2023-02-04T14:38:32.219+0000] {processor.py:743} INFO - Processing file /opt/airflow/dags/dag.py for tasks to queue
[2023-02-04T14:38:32.220+0000] {logging_mixin.py:137} INFO - [2023-02-04T14:38:32.220+0000] {dagbag.py:538} INFO - Filling up the DagBag from /opt/airflow/dags/dag.py
[2023-02-04T14:38:32.323+0000] {processor.py:753} INFO - DAG(s) dict_keys(['dag_lab5_dsa']) retrieved from /opt/airflow/dags/dag.py
[2023-02-04T14:38:32.380+0000] {logging_mixin.py:137} INFO - [2023-02-04T14:38:32.379+0000] {dag.py:2690} INFO - Sync 1 DAGs
[2023-02-04T14:38:32.449+0000] {logging_mixin.py:137} INFO - [2023-02-04T14:38:32.449+0000] {dag.py:3441} INFO - Setting next_dagrun for dag_lab5_dsa to None, run_after=None
[2023-02-04T14:38:32.505+0000] {processor.py:175} INFO - Processing /opt/airflow/dags/dag.py took 0.296 seconds
[2023-02-04T14:39:03.122+0000] {processor.py:153} INFO - Started process (PID=10745) to work on /opt/airflow/dags/dag.py
[2023-02-04T14:39:03.137+0000] {processor.py:743} INFO - Processing file /opt/airflow/dags/dag.py for tasks to queue
[2023-02-04T14:39:03.139+0000] {logging_mixin.py:137} INFO - [2023-02-04T14:39:03.138+0000] {dagbag.py:538} INFO - Filling up the DagBag from /opt/airflow/dags/dag.py
[2023-02-04T14:39:03.231+0000] {processor.py:753} INFO - DAG(s) dict_keys(['dag_lab5_dsa']) retrieved from /opt/airflow/dags/dag.py
[2023-02-04T14:39:03.316+0000] {logging_mixin.py:137} INFO - [2023-02-04T14:39:03.315+0000] {dag.py:2690} INFO - Sync 1 DAGs
[2023-02-04T14:39:03.496+0000] {logging_mixin.py:137} INFO - [2023-02-04T14:39:03.495+0000] {dag.py:3441} INFO - Setting next_dagrun for dag_lab5_dsa to None, run_after=None
[2023-02-04T14:39:03.591+0000] {processor.py:175} INFO - Processing /opt/airflow/dags/dag.py took 0.481 seconds
[2023-02-04T14:39:34.146+0000] {processor.py:153} INFO - Started process (PID=10817) to work on /opt/airflow/dags/dag.py
[2023-02-04T14:39:34.148+0000] {processor.py:743} INFO - Processing file /opt/airflow/dags/dag.py for tasks to queue
[2023-02-04T14:39:34.150+0000] {logging_mixin.py:137} INFO - [2023-02-04T14:39:34.150+0000] {dagbag.py:538} INFO - Filling up the DagBag from /opt/airflow/dags/dag.py
[2023-02-04T14:39:34.304+0000] {processor.py:753} INFO - DAG(s) dict_keys(['dag_lab5_dsa']) retrieved from /opt/airflow/dags/dag.py
[2023-02-04T14:39:34.436+0000] {logging_mixin.py:137} INFO - [2023-02-04T14:39:34.435+0000] {dag.py:2690} INFO - Sync 1 DAGs
[2023-02-04T14:39:34.534+0000] {logging_mixin.py:137} INFO - [2023-02-04T14:39:34.534+0000] {dag.py:3441} INFO - Setting next_dagrun for dag_lab5_dsa to None, run_after=None
[2023-02-04T14:39:35.191+0000] {processor.py:175} INFO - Processing /opt/airflow/dags/dag.py took 1.061 seconds
[2023-02-04T14:40:05.270+0000] {processor.py:153} INFO - Started process (PID=10873) to work on /opt/airflow/dags/dag.py
[2023-02-04T14:40:05.272+0000] {processor.py:743} INFO - Processing file /opt/airflow/dags/dag.py for tasks to queue
[2023-02-04T14:40:05.276+0000] {logging_mixin.py:137} INFO - [2023-02-04T14:40:05.276+0000] {dagbag.py:538} INFO - Filling up the DagBag from /opt/airflow/dags/dag.py
[2023-02-04T14:40:05.364+0000] {processor.py:753} INFO - DAG(s) dict_keys(['dag_lab5_dsa']) retrieved from /opt/airflow/dags/dag.py
[2023-02-04T14:40:05.423+0000] {logging_mixin.py:137} INFO - [2023-02-04T14:40:05.423+0000] {dag.py:2690} INFO - Sync 1 DAGs
[2023-02-04T14:40:05.492+0000] {logging_mixin.py:137} INFO - [2023-02-04T14:40:05.492+0000] {dag.py:3441} INFO - Setting next_dagrun for dag_lab5_dsa to None, run_after=None
[2023-02-04T14:40:05.547+0000] {processor.py:175} INFO - Processing /opt/airflow/dags/dag.py took 0.291 seconds
[2023-02-04T14:40:35.692+0000] {processor.py:153} INFO - Started process (PID=10945) to work on /opt/airflow/dags/dag.py
[2023-02-04T14:40:35.705+0000] {processor.py:743} INFO - Processing file /opt/airflow/dags/dag.py for tasks to queue
[2023-02-04T14:40:35.707+0000] {logging_mixin.py:137} INFO - [2023-02-04T14:40:35.706+0000] {dagbag.py:538} INFO - Filling up the DagBag from /opt/airflow/dags/dag.py
[2023-02-04T14:40:35.785+0000] {processor.py:753} INFO - DAG(s) dict_keys(['dag_lab5_dsa']) retrieved from /opt/airflow/dags/dag.py
[2023-02-04T14:40:35.908+0000] {logging_mixin.py:137} INFO - [2023-02-04T14:40:35.907+0000] {dag.py:2690} INFO - Sync 1 DAGs
[2023-02-04T14:40:35.984+0000] {logging_mixin.py:137} INFO - [2023-02-04T14:40:35.983+0000] {dag.py:3441} INFO - Setting next_dagrun for dag_lab5_dsa to None, run_after=None
[2023-02-04T14:40:36.030+0000] {processor.py:175} INFO - Processing /opt/airflow/dags/dag.py took 0.347 seconds
[2023-02-04T14:41:06.234+0000] {processor.py:153} INFO - Started process (PID=11017) to work on /opt/airflow/dags/dag.py
[2023-02-04T14:41:06.235+0000] {processor.py:743} INFO - Processing file /opt/airflow/dags/dag.py for tasks to queue
[2023-02-04T14:41:06.236+0000] {logging_mixin.py:137} INFO - [2023-02-04T14:41:06.236+0000] {dagbag.py:538} INFO - Filling up the DagBag from /opt/airflow/dags/dag.py
[2023-02-04T14:41:06.293+0000] {processor.py:753} INFO - DAG(s) dict_keys(['dag_lab5_dsa']) retrieved from /opt/airflow/dags/dag.py
[2023-02-04T14:41:06.341+0000] {logging_mixin.py:137} INFO - [2023-02-04T14:41:06.340+0000] {dag.py:2690} INFO - Sync 1 DAGs
[2023-02-04T14:41:06.389+0000] {logging_mixin.py:137} INFO - [2023-02-04T14:41:06.389+0000] {dag.py:3441} INFO - Setting next_dagrun for dag_lab5_dsa to None, run_after=None
[2023-02-04T14:41:06.445+0000] {processor.py:175} INFO - Processing /opt/airflow/dags/dag.py took 0.216 seconds
[2023-02-04T14:41:36.560+0000] {processor.py:153} INFO - Started process (PID=11089) to work on /opt/airflow/dags/dag.py
[2023-02-04T14:41:36.576+0000] {processor.py:743} INFO - Processing file /opt/airflow/dags/dag.py for tasks to queue
[2023-02-04T14:41:36.577+0000] {logging_mixin.py:137} INFO - [2023-02-04T14:41:36.577+0000] {dagbag.py:538} INFO - Filling up the DagBag from /opt/airflow/dags/dag.py
[2023-02-04T14:41:36.658+0000] {processor.py:753} INFO - DAG(s) dict_keys(['dag_lab5_dsa']) retrieved from /opt/airflow/dags/dag.py
[2023-02-04T14:41:36.716+0000] {logging_mixin.py:137} INFO - [2023-02-04T14:41:36.716+0000] {dag.py:2690} INFO - Sync 1 DAGs
[2023-02-04T14:41:36.770+0000] {logging_mixin.py:137} INFO - [2023-02-04T14:41:36.770+0000] {dag.py:3441} INFO - Setting next_dagrun for dag_lab5_dsa to None, run_after=None
[2023-02-04T14:41:36.818+0000] {processor.py:175} INFO - Processing /opt/airflow/dags/dag.py took 0.269 seconds
[2023-02-04T14:42:07.220+0000] {processor.py:153} INFO - Started process (PID=11161) to work on /opt/airflow/dags/dag.py
[2023-02-04T14:42:07.294+0000] {processor.py:743} INFO - Processing file /opt/airflow/dags/dag.py for tasks to queue
[2023-02-04T14:42:07.295+0000] {logging_mixin.py:137} INFO - [2023-02-04T14:42:07.295+0000] {dagbag.py:538} INFO - Filling up the DagBag from /opt/airflow/dags/dag.py
[2023-02-04T14:42:07.350+0000] {processor.py:753} INFO - DAG(s) dict_keys(['dag_lab5_dsa']) retrieved from /opt/airflow/dags/dag.py
[2023-02-04T14:42:07.395+0000] {logging_mixin.py:137} INFO - [2023-02-04T14:42:07.395+0000] {dag.py:2690} INFO - Sync 1 DAGs
[2023-02-04T14:42:07.451+0000] {logging_mixin.py:137} INFO - [2023-02-04T14:42:07.451+0000] {dag.py:3441} INFO - Setting next_dagrun for dag_lab5_dsa to None, run_after=None
[2023-02-04T14:42:07.507+0000] {processor.py:175} INFO - Processing /opt/airflow/dags/dag.py took 0.292 seconds
[2023-02-04T14:42:37.815+0000] {processor.py:153} INFO - Started process (PID=11233) to work on /opt/airflow/dags/dag.py
[2023-02-04T14:42:37.817+0000] {processor.py:743} INFO - Processing file /opt/airflow/dags/dag.py for tasks to queue
[2023-02-04T14:42:37.819+0000] {logging_mixin.py:137} INFO - [2023-02-04T14:42:37.818+0000] {dagbag.py:538} INFO - Filling up the DagBag from /opt/airflow/dags/dag.py
[2023-02-04T14:42:37.914+0000] {processor.py:753} INFO - DAG(s) dict_keys(['dag_lab5_dsa']) retrieved from /opt/airflow/dags/dag.py
[2023-02-04T14:42:37.975+0000] {logging_mixin.py:137} INFO - [2023-02-04T14:42:37.975+0000] {dag.py:2690} INFO - Sync 1 DAGs
[2023-02-04T14:42:38.035+0000] {logging_mixin.py:137} INFO - [2023-02-04T14:42:38.034+0000] {dag.py:3441} INFO - Setting next_dagrun for dag_lab5_dsa to None, run_after=None
[2023-02-04T14:42:38.094+0000] {processor.py:175} INFO - Processing /opt/airflow/dags/dag.py took 0.289 seconds
[2023-02-04T14:43:08.195+0000] {processor.py:153} INFO - Started process (PID=11306) to work on /opt/airflow/dags/dag.py
[2023-02-04T14:43:08.202+0000] {processor.py:743} INFO - Processing file /opt/airflow/dags/dag.py for tasks to queue
[2023-02-04T14:43:08.203+0000] {logging_mixin.py:137} INFO - [2023-02-04T14:43:08.203+0000] {dagbag.py:538} INFO - Filling up the DagBag from /opt/airflow/dags/dag.py
[2023-02-04T14:43:08.291+0000] {processor.py:753} INFO - DAG(s) dict_keys(['dag_lab5_dsa']) retrieved from /opt/airflow/dags/dag.py
[2023-02-04T14:43:08.348+0000] {logging_mixin.py:137} INFO - [2023-02-04T14:43:08.348+0000] {dag.py:2690} INFO - Sync 1 DAGs
[2023-02-04T14:43:08.412+0000] {logging_mixin.py:137} INFO - [2023-02-04T14:43:08.412+0000] {dag.py:3441} INFO - Setting next_dagrun for dag_lab5_dsa to None, run_after=None
[2023-02-04T14:43:08.466+0000] {processor.py:175} INFO - Processing /opt/airflow/dags/dag.py took 0.277 seconds
[2023-02-04T14:43:38.586+0000] {processor.py:153} INFO - Started process (PID=11378) to work on /opt/airflow/dags/dag.py
[2023-02-04T14:43:38.598+0000] {processor.py:743} INFO - Processing file /opt/airflow/dags/dag.py for tasks to queue
[2023-02-04T14:43:38.599+0000] {logging_mixin.py:137} INFO - [2023-02-04T14:43:38.599+0000] {dagbag.py:538} INFO - Filling up the DagBag from /opt/airflow/dags/dag.py
[2023-02-04T14:43:38.663+0000] {processor.py:753} INFO - DAG(s) dict_keys(['dag_lab5_dsa']) retrieved from /opt/airflow/dags/dag.py
[2023-02-04T14:43:38.709+0000] {logging_mixin.py:137} INFO - [2023-02-04T14:43:38.709+0000] {dag.py:2690} INFO - Sync 1 DAGs
[2023-02-04T14:43:38.773+0000] {logging_mixin.py:137} INFO - [2023-02-04T14:43:38.772+0000] {dag.py:3441} INFO - Setting next_dagrun for dag_lab5_dsa to None, run_after=None
[2023-02-04T14:43:38.832+0000] {processor.py:175} INFO - Processing /opt/airflow/dags/dag.py took 0.252 seconds
[2023-02-04T14:44:08.907+0000] {processor.py:153} INFO - Started process (PID=11450) to work on /opt/airflow/dags/dag.py
[2023-02-04T14:44:08.908+0000] {processor.py:743} INFO - Processing file /opt/airflow/dags/dag.py for tasks to queue
[2023-02-04T14:44:08.910+0000] {logging_mixin.py:137} INFO - [2023-02-04T14:44:08.910+0000] {dagbag.py:538} INFO - Filling up the DagBag from /opt/airflow/dags/dag.py
[2023-02-04T14:44:08.973+0000] {processor.py:753} INFO - DAG(s) dict_keys(['dag_lab5_dsa']) retrieved from /opt/airflow/dags/dag.py
[2023-02-04T14:44:09.018+0000] {logging_mixin.py:137} INFO - [2023-02-04T14:44:09.018+0000] {dag.py:2690} INFO - Sync 1 DAGs
[2023-02-04T14:44:09.071+0000] {logging_mixin.py:137} INFO - [2023-02-04T14:44:09.071+0000] {dag.py:3441} INFO - Setting next_dagrun for dag_lab5_dsa to None, run_after=None
[2023-02-04T14:44:09.121+0000] {processor.py:175} INFO - Processing /opt/airflow/dags/dag.py took 0.222 seconds
