[2023-02-04T14:27:24.289+0000] {taskinstance.py:1083} INFO - Dependencies all met for <TaskInstance: dag_lab5_dsa.tarefa_cria_tabela manual__2023-02-04T14:27:20.509180+00:00 [queued]>
[2023-02-04T14:27:24.315+0000] {taskinstance.py:1083} INFO - Dependencies all met for <TaskInstance: dag_lab5_dsa.tarefa_cria_tabela manual__2023-02-04T14:27:20.509180+00:00 [queued]>
[2023-02-04T14:27:24.315+0000] {taskinstance.py:1279} INFO - 
--------------------------------------------------------------------------------
[2023-02-04T14:27:24.316+0000] {taskinstance.py:1280} INFO - Starting attempt 1 of 1
[2023-02-04T14:27:24.316+0000] {taskinstance.py:1281} INFO - 
--------------------------------------------------------------------------------
[2023-02-04T14:27:24.369+0000] {taskinstance.py:1300} INFO - Executing <Task(PostgresOperator): tarefa_cria_tabela> on 2023-02-04 14:27:20.509180+00:00
[2023-02-04T14:27:24.378+0000] {standard_task_runner.py:55} INFO - Started process 4380 to run task
[2023-02-04T14:27:24.398+0000] {standard_task_runner.py:82} INFO - Running: ['***', 'tasks', 'run', 'dag_lab5_dsa', 'tarefa_cria_tabela', 'manual__2023-02-04T14:27:20.509180+00:00', '--job-id', '7', '--raw', '--subdir', 'DAGS_FOLDER/dag.py', '--cfg-path', '/tmp/tmpuiew3got']
[2023-02-04T14:27:24.399+0000] {standard_task_runner.py:83} INFO - Job 7: Subtask tarefa_cria_tabela
[2023-02-04T14:27:24.597+0000] {task_command.py:388} INFO - Running <TaskInstance: dag_lab5_dsa.tarefa_cria_tabela manual__2023-02-04T14:27:20.509180+00:00 [running]> on host 8c271b0bb0d0
[2023-02-04T14:27:24.912+0000] {taskinstance.py:1509} INFO - Exporting the following env vars:
AIRFLOW_CTX_DAG_OWNER=***
AIRFLOW_CTX_DAG_ID=dag_lab5_dsa
AIRFLOW_CTX_TASK_ID=tarefa_cria_tabela
AIRFLOW_CTX_EXECUTION_DATE=2023-02-04T14:27:20.509180+00:00
AIRFLOW_CTX_TRY_NUMBER=1
AIRFLOW_CTX_DAG_RUN_ID=manual__2023-02-04T14:27:20.509180+00:00
[2023-02-04T14:27:24.914+0000] {sql.py:254} INFO - Executing: CREATE TABLE IF NOT EXISTS tb_funcionarios (id INT NOT NULL, nome VARCHAR(250) NOT NULL, departamento VARCHAR(250) NOT NULL);
[2023-02-04T14:27:24.944+0000] {base.py:73} INFO - Using connection ID 'Postgres' for task execution.
[2023-02-04T14:27:25.817+0000] {base.py:73} INFO - Using connection ID 'Postgres' for task execution.
[2023-02-04T14:27:25.847+0000] {sql.py:375} INFO - Running statement: CREATE TABLE IF NOT EXISTS tb_funcionarios (id INT NOT NULL, nome VARCHAR(250) NOT NULL, departamento VARCHAR(250) NOT NULL);, parameters: None
[2023-02-04T14:27:25.919+0000] {taskinstance.py:1323} INFO - Marking task as SUCCESS. dag_id=dag_lab5_dsa, task_id=tarefa_cria_tabela, execution_date=20230204T142720, start_date=20230204T142724, end_date=20230204T142725
[2023-02-04T14:27:26.031+0000] {local_task_job.py:208} INFO - Task exited with return code 0
[2023-02-04T14:27:26.107+0000] {taskinstance.py:2578} INFO - 0 downstream tasks scheduled from follow-on schedule check
