[2023-02-04T14:28:27.708+0000] {taskinstance.py:1083} INFO - Dependencies all met for <TaskInstance: dag_lab5_dsa.tarefa_cria_tabela manual__2023-02-04T14:28:24.068406+00:00 [queued]>
[2023-02-04T14:28:27.743+0000] {taskinstance.py:1083} INFO - Dependencies all met for <TaskInstance: dag_lab5_dsa.tarefa_cria_tabela manual__2023-02-04T14:28:24.068406+00:00 [queued]>
[2023-02-04T14:28:27.744+0000] {taskinstance.py:1279} INFO - 
--------------------------------------------------------------------------------
[2023-02-04T14:28:27.744+0000] {taskinstance.py:1280} INFO - Starting attempt 1 of 1
[2023-02-04T14:28:27.744+0000] {taskinstance.py:1281} INFO - 
--------------------------------------------------------------------------------
[2023-02-04T14:28:27.811+0000] {taskinstance.py:1300} INFO - Executing <Task(PostgresOperator): tarefa_cria_tabela> on 2023-02-04 14:28:24.068406+00:00
[2023-02-04T14:28:27.822+0000] {standard_task_runner.py:55} INFO - Started process 4447 to run task
[2023-02-04T14:28:27.827+0000] {standard_task_runner.py:82} INFO - Running: ['***', 'tasks', 'run', 'dag_lab5_dsa', 'tarefa_cria_tabela', 'manual__2023-02-04T14:28:24.068406+00:00', '--job-id', '9', '--raw', '--subdir', 'DAGS_FOLDER/dag.py', '--cfg-path', '/tmp/tmp2avb1ylz']
[2023-02-04T14:28:27.828+0000] {standard_task_runner.py:83} INFO - Job 9: Subtask tarefa_cria_tabela
[2023-02-04T14:28:28.095+0000] {task_command.py:388} INFO - Running <TaskInstance: dag_lab5_dsa.tarefa_cria_tabela manual__2023-02-04T14:28:24.068406+00:00 [running]> on host 8c271b0bb0d0
[2023-02-04T14:28:28.512+0000] {taskinstance.py:1509} INFO - Exporting the following env vars:
AIRFLOW_CTX_DAG_OWNER=***
AIRFLOW_CTX_DAG_ID=dag_lab5_dsa
AIRFLOW_CTX_TASK_ID=tarefa_cria_tabela
AIRFLOW_CTX_EXECUTION_DATE=2023-02-04T14:28:24.068406+00:00
AIRFLOW_CTX_TRY_NUMBER=1
AIRFLOW_CTX_DAG_RUN_ID=manual__2023-02-04T14:28:24.068406+00:00
[2023-02-04T14:28:28.514+0000] {sql.py:254} INFO - Executing: CREATE TABLE IF NOT EXISTS dwdb.tb_funcionarios (id INT NOT NULL, nome VARCHAR(250) NOT NULL, departamento VARCHAR(250) NOT NULL);
[2023-02-04T14:28:28.544+0000] {base.py:73} INFO - Using connection ID 'Postgres' for task execution.
[2023-02-04T14:28:29.667+0000] {base.py:73} INFO - Using connection ID 'Postgres' for task execution.
[2023-02-04T14:28:29.691+0000] {sql.py:375} INFO - Running statement: CREATE TABLE IF NOT EXISTS dwdb.tb_funcionarios (id INT NOT NULL, nome VARCHAR(250) NOT NULL, departamento VARCHAR(250) NOT NULL);, parameters: None
[2023-02-04T14:28:29.760+0000] {taskinstance.py:1323} INFO - Marking task as SUCCESS. dag_id=dag_lab5_dsa, task_id=tarefa_cria_tabela, execution_date=20230204T142824, start_date=20230204T142827, end_date=20230204T142829
[2023-02-04T14:28:29.824+0000] {local_task_job.py:208} INFO - Task exited with return code 0
[2023-02-04T14:28:29.913+0000] {taskinstance.py:2578} INFO - 1 downstream tasks scheduled from follow-on schedule check
