[2023-02-04T14:22:44.540+0000] {taskinstance.py:1083} INFO - Dependencies all met for <TaskInstance: dag_lab5_dsa.tarefa_cria_tabela scheduled__2023-02-03T00:00:00+00:00 [queued]>
[2023-02-04T14:22:44.563+0000] {taskinstance.py:1083} INFO - Dependencies all met for <TaskInstance: dag_lab5_dsa.tarefa_cria_tabela scheduled__2023-02-03T00:00:00+00:00 [queued]>
[2023-02-04T14:22:44.563+0000] {taskinstance.py:1279} INFO - 
--------------------------------------------------------------------------------
[2023-02-04T14:22:44.564+0000] {taskinstance.py:1280} INFO - Starting attempt 1 of 1
[2023-02-04T14:22:44.564+0000] {taskinstance.py:1281} INFO - 
--------------------------------------------------------------------------------
[2023-02-04T14:22:44.626+0000] {taskinstance.py:1300} INFO - Executing <Task(PostgresOperator): tarefa_cria_tabela> on 2023-02-03 00:00:00+00:00
[2023-02-04T14:22:44.631+0000] {standard_task_runner.py:55} INFO - Started process 4094 to run task
[2023-02-04T14:22:44.638+0000] {standard_task_runner.py:82} INFO - Running: ['***', 'tasks', 'run', 'dag_lab5_dsa', 'tarefa_cria_tabela', 'scheduled__2023-02-03T00:00:00+00:00', '--job-id', '5', '--raw', '--subdir', 'DAGS_FOLDER/dag.py', '--cfg-path', '/tmp/tmpq0uj84fp']
[2023-02-04T14:22:44.639+0000] {standard_task_runner.py:83} INFO - Job 5: Subtask tarefa_cria_tabela
[2023-02-04T14:22:44.758+0000] {task_command.py:388} INFO - Running <TaskInstance: dag_lab5_dsa.tarefa_cria_tabela scheduled__2023-02-03T00:00:00+00:00 [running]> on host 8c271b0bb0d0
[2023-02-04T14:22:44.928+0000] {taskinstance.py:1509} INFO - Exporting the following env vars:
AIRFLOW_CTX_DAG_OWNER=***
AIRFLOW_CTX_DAG_ID=dag_lab5_dsa
AIRFLOW_CTX_TASK_ID=tarefa_cria_tabela
AIRFLOW_CTX_EXECUTION_DATE=2023-02-03T00:00:00+00:00
AIRFLOW_CTX_TRY_NUMBER=1
AIRFLOW_CTX_DAG_RUN_ID=scheduled__2023-02-03T00:00:00+00:00
[2023-02-04T14:22:44.929+0000] {sql.py:254} INFO - Executing: CREATE TABLE IF NOT EXISTS tb_funcionarios (id INT NOT NULL, nome VARCHAR(250) NOT NULL, departamento VARCHAR(250) NOT NULL);
[2023-02-04T14:22:44.943+0000] {base.py:73} INFO - Using connection ID 'Postgres' for task execution.
[2023-02-04T14:22:45.734+0000] {base.py:73} INFO - Using connection ID 'Postgres' for task execution.
[2023-02-04T14:22:45.766+0000] {sql.py:375} INFO - Running statement: CREATE TABLE IF NOT EXISTS tb_funcionarios (id INT NOT NULL, nome VARCHAR(250) NOT NULL, departamento VARCHAR(250) NOT NULL);, parameters: None
[2023-02-04T14:22:45.858+0000] {taskinstance.py:1323} INFO - Marking task as SUCCESS. dag_id=dag_lab5_dsa, task_id=tarefa_cria_tabela, execution_date=20230203T000000, start_date=20230204T142244, end_date=20230204T142245
[2023-02-04T14:22:45.900+0000] {local_task_job.py:208} INFO - Task exited with return code 0
[2023-02-04T14:22:46.009+0000] {taskinstance.py:2578} INFO - 1 downstream tasks scheduled from follow-on schedule check
